<?xml version="1.0" encoding="UTF-8"?>
<!-- Generated by org.testng.reporters.JUnitReportReporter -->
<testsuite hostname="DESKTOP-R4LTDL4" failures="0" tests="2" name="pages.LoginTest" time="1.740" errors="0" timestamp="2024-03-07T17:25:54 IST" skipped="0">
  <testcase classname="pages.LoginTest" name="navigate_to_loginPage" time="1.395"/>
  <testcase classname="pages.LoginTest" name="enterCredentials" time="0.345"/>
</testsuite> <!-- pages.LoginTest -->
