<?xml version="1.0" encoding="UTF-8"?>
<!-- Generated by org.testng.reporters.JUnitReportReporter -->
<testsuite hostname="DESKTOP-R4LTDL4" failures="0" tests="2" name="pages.LoginTest" time="1.218" errors="0" timestamp="2024-03-09T15:07:16 IST" skipped="0">
  <testcase classname="pages.LoginTest" name="navigate_to_loginPage" time="0.810"/>
  <testcase classname="pages.LoginTest" name="enterCredentials" time="0.408"/>
</testsuite> <!-- pages.LoginTest -->
